{"numTotalTestSuites":2,"numPassedTestSuites":2,"numFailedTestSuites":0,"numPendingTestSuites":0,"numTotalTests":6,"numPassedTests":6,"numFailedTests":0,"numPendingTests":0,"numTodoTests":0,"startTime":1749648228127,"success":true,"testResults":[{"assertionResults":[{"ancestorTitles":["","Button"],"fullName":" Button renders children","status":"passed","title":"renders children","duration":57,"failureMessages":[]},{"ancestorTitles":["","Button"],"fullName":" Button applies primary variant by default","status":"passed","title":"applies primary variant by default","duration":94,"failureMessages":[]},{"ancestorTitles":["","Button"],"fullName":" Button applies secondary variant","status":"passed","title":"applies secondary variant","duration":11,"failureMessages":[]},{"ancestorTitles":["","Button"],"fullName":" Button applies size classes","status":"passed","title":"applies size classes","duration":10,"failureMessages":[]},{"ancestorTitles":["","Button"],"fullName":" Button applies fullWidth class","status":"passed","title":"applies fullWidth class","duration":12,"failureMessages":[]},{"ancestorTitles":["","Button"],"fullName":" Button calls onClick handler","status":"passed","title":"calls onClick handler","duration":16,"failureMessages":[]}],"startTime":1749648233116,"endTime":1749648233317,"status":"passed","message":"","name":"C:/Users/376805/prompt-laibrary-v2/src/components/__tests__/Button.test.tsx"}]}